#
# Automatically generated, don't edit
#
# Generated on: i30s6
# At: Wed, 17 Mar 2010 15:07:57 +0000
# Linux version 2.6.31.12-0.1-default (geeko@buildhost) (gcc version 4.4.1 [gcc-4_4-branch revision 150839] (SUSE Linux) ) #1 SMP 2010-01-27 08:20:11 +0100

#
# Pistachio Kernel Configuration System
#

#
# Hardware
#

#
# Basic Architecture
#
CONFIG_ARCH_X86=y
CONFIG_ARCH_POWERPC=n
CONFIG_ARCH_POWERPC64=n


#
# X86 Processor Architecture
#
CONFIG_SUBARCH_X32=y
CONFIG_SUBARCH_X64=n


#
# Processor Type
#
CONFIG_CPU_X86_I486=n
CONFIG_CPU_X86_I586=n
CONFIG_CPU_X86_I686=n
CONFIG_CPU_X86_P4=y
CONFIG_CPU_X86_K8=n
CONFIG_CPU_X86_C3=n
CONFIG_CPU_X86_SIMICS=n


#
# Platform
#
CONFIG_PLAT_PC99=y


#
# Miscellaneous
#
CONFIG_IOAPIC=n
CONFIG_MAX_IOAPICS=2



#
# Kernel
#
CONFIG_EXPERIMENTAL=y

#
# Experimental Features
#
CONFIG_X_PAGER_EXREGS=y
CONFIG_X_CTRLXFER_MSG=y
CONFIG_X_X86_HVM=y
CONFIG_X_EVT_LOGGING=n

#
# Kernel scheduling policy
#
CONFIG_SCHED_RR=y
CONFIG_X_SCHED_HS=n


CONFIG_IPC_FASTPATH=n
CONFIG_DEBUG=y
CONFIG_DEBUG_SYMBOLS=y
CONFIG_PERFMON=n
CONFIG_SPIN_WHEELS=n
CONFIG_NEW_MDB=n
CONFIG_X86_SMALL_SPACES=n


#
# Debugger
#
CONFIG_KDB=y

#
# Consoles
#
CONFIG_KDB_CONS_OF1275=y
CONFIG_KDB_CONS_PSIM_COM=y


#
# Kernel Debugger Console
#
CONFIG_KDB_CONS_KBD=n
CONFIG_KDB_CONS_COM=y

CONFIG_KDB_COMPORT=0x3f8
CONFIG_KDB_COMSPEED=57600
CONFIG_KDB_DISAS=y
CONFIG_KDB_ON_STARTUP=y
CONFIG_KDB_BREAKIN=y
CONFIG_KDB_BREAKIN_BREAK=y
CONFIG_KDB_BREAKIN_ESCAPE=y
CONFIG_KDB_INPUT_HLT=n
CONFIG_KDB_NO_ASSERTS=n

#
# Trace Settings
#
CONFIG_VERBOSE_INIT=y
CONFIG_TRACEPOINTS=y
CONFIG_KMEM_TRACE=y
CONFIG_TRACEBUFFER=y



#
# Code Generator Options
#


#
# Derived symbols
#
CONFIG_HAVE_MEMORY_CONTROL=n
CONFIG_X86_PSE=y
CONFIG_BIGENDIAN=n
CONFIG_X86_SYSENTER=y
CONFIG_X86_PGE=y
CONFIG_X86_FXSR=y
CONFIG_IS_32BIT=y
CONFIG_X86_HTT=y
CONFIG_X86_PAT=y
CONFIG_IS_64BIT=n
CONFIG_MULTI_ARCHITECTURE=n
CONFIG_X86_EM64T=n
CONFIG_X86_SMALL_SPACES_GLOBAL=n
CONFIG_X86_HVM=y
CONFIG_X86_TSC=y
#
# That's all, folks!
