\BOOKMARK [0][-]{chapter.1}{1 Introduction}{}
\BOOKMARK [0][-]{chapter.2}{2 Quick Start}{}
\BOOKMARK [1][-]{section.2.1}{2.1 Automated Build}{chapter.2}
\BOOKMARK [1][-]{section.2.2}{2.2 Pre-built Binaries}{chapter.2}
\BOOKMARK [0][-]{chapter.3}{3 Building the Support Tools}{}
\BOOKMARK [1][-]{section.3.1}{3.1 The GNU Assembler \(binutils\)}{chapter.3}
\BOOKMARK [1][-]{section.3.2}{3.2 The GNU C Compiler \(gcc\)}{chapter.3}
\BOOKMARK [0][-]{chapter.4}{4 Building the Virtualization Environment}{}
\BOOKMARK [1][-]{section.4.1}{4.1 The L4Ka Environment}{chapter.4}
\BOOKMARK [2][-]{subsection.4.1.1}{4.1.1 The L4Ka::Pistachio Microkernel}{section.4.1}
\BOOKMARK [2][-]{subsection.4.1.2}{4.1.2 The L4Ka::Pistachio Utilities}{section.4.1}
\BOOKMARK [2][-]{subsection.4.1.3}{4.1.3 The Marzipan Resource Monitor}{section.4.1}
\BOOKMARK [2][-]{subsection.4.1.4}{4.1.4 The L4Ka Wedge}{section.4.1}
\BOOKMARK [1][-]{section.4.2}{4.2 The Xen Environment}{chapter.4}
\BOOKMARK [2][-]{subsection.4.2.1}{4.2.1 The Xen Hypervisor}{section.4.2}
\BOOKMARK [2][-]{subsection.4.2.2}{4.2.2 The KaXen Wedge}{section.4.2}
\BOOKMARK [0][-]{chapter.5}{5 Building the Guest OS}{}
\BOOKMARK [1][-]{section.5.1}{5.1 Linux 2.6}{chapter.5}
\BOOKMARK [0][-]{chapter.6}{6 Using the Virtualization Environments}{}
\BOOKMARK [1][-]{section.6.1}{6.1 Thread Local Storage}{chapter.6}
\BOOKMARK [1][-]{section.6.2}{6.2 The L4Ka Marzipan Environment}{chapter.6}
\BOOKMARK [1][-]{section.6.3}{6.3 The Xen Environment}{chapter.6}
\BOOKMARK [1][-]{section.6.4}{6.4 The QEMU Emulator}{chapter.6}
\BOOKMARK [0][-]{appendix.A}{A CVS Repository}{}
\BOOKMARK [0][-]{appendix.B}{B Afterburner Support Patches}{}
