#
# Automatically generated, don't edit
#
# Generated on: i30pc37
# At: Thu, 18 Mar 2010 12:06:48 +0000
# Linux version 2.6.32-trunk-686 (Debian 2.6.32-5) (ben@decadent.org.uk) (gcc version 4.3.4 (Debian 4.3.4-6) ) #1 SMP Sun Jan 10 06:32:16 UTC 2010

#
# Virtualization Environment Configuration
#

#
# Directories
#
cfg_common_dir="."
cfg_build_dir="build"
cfg_src_dir="extern"
cfg_usr_dir="usr"
cfg_boot_dir="boot"
cfg_archive_dir="archives"


#
# Generic Options
#

#
# Architecture
#
cfg_arch_ia32=y
cfg_arch_amd64=n


#
# Processor
#
cfg_cpu_p4=y
cfg_cpu_p3=n
cfg_cpu_k8=n
cfg_cpu_qemu=n

cfg_apic=n
cfg_max_ioapics=8


#
# L4Ka environment
#

#
# L4KA wedge type
#
cfg_l4ka_vm=n
cfg_l4ka_vmext=n
cfg_l4ka_hvm=y


#
# Resourcemon options
#
cfg_resourcemon_debug=y
cfg_resourcemon_perf=n

cfg_l4ka_wedge=y
cfg_wedge_l4ka_passthru=n
cfg_wedge_l4ka_passthru_perf=y
cfg_wedge_l4ka_passthru_pci=n
cfg_wedge_l4ka_guest=n
cfg_wedge_l4ka_guest_perf=n
cfg_wedge_l4ka_guest_vdev=y
cfg_wedge_l4ka_guest_vdev_perf=n
cfg_pistachio_custom=n
cfg_pistachio_custom_dir=""

#
# Pistachio options
#
cfg_pistachio_debug=y
cfg_pistachio_perf=n
cfg_pistachio_small_debug=n
cfg_pistachio_small_perf=n

cfg_l4ka_driver_reuse=y

#
# L4Ka driver reuse client
#
cfg_l4ka_driver_reuse_client_guest=n
cfg_l4ka_driver_reuse_client_guest_perf=n
cfg_l4ka_driver_reuse_client_guest_vdev=y
cfg_l4ka_driver_reuse_client_guest_vdev_perf=n


#
# L4Ka driver reuse server
#
cfg_l4ka_driver_reuse_server_passthru=n
cfg_l4ka_driver_reuse_server_passthru_perf=y
cfg_l4ka_driver_reuse_server_passthru_pci=n

cfg_l4ka_driver_reuse_qemu=y
cfg_l4ka_driver_reuse_qemu_pic=n
cfg_l4ka_driver_native=n
cfg_earm=n


#
# Xen environment
#
cfg_xen_2=n

#
# Xen 2 version
#
cfg_xen_2_0_7=n
cfg_xen_2_0_2=n

cfg_wedge_kaxen_2_dom0=n
cfg_wedge_kaxen_2_dom0_perf=n
cfg_xenolinux_2=n
cfg_xen_3=n
cfg_xen_verbose=n


#
# Guest kernels
#
cfg_linux_2_6=y

#
# Linux 2.6 version
#
cfg_linux_2_6_22=n
cfg_linux_2_6_9=y

cfg_linux_2_6_driver=n
cfg_linux_2_6_guest=y
cfg_linux_2_6_vdev=n
cfg_linux_2_6_ddos=y
cfg_linux_2_6_extra=""


#
# Boot options
#
cfg_grub_dir="(nd)/tftpboot/afterburn"

#
# Boot console type
#
cfg_console_vga=n
cfg_console_serial=y

cfg_serial_port=0x3f8
cfg_serial_speed=57600
cfg_vmsize=65536
cfg_linux_cmdline=""
cfg_linux_ramdisk=n


#
# External package options
#

#
# Antlr options
#
cfg_antlr=n
cfg_antlr_python=n
cfg_antlr_java=n
cfg_antlr_csharp=n
cfg_afterburner_grammar=y


#
# gcc options
#
cfg_gcc=n


#
# QEMU options
#
cfg_qemu=n
cfg_qemu_ssh_port=3022


#
# IDL options
#
cfg_idl4=n

cfg_gnutar=n


#
# Performance monitoring
#
cfg_perfmon_build=n
cfg_perfmon_sut="i30pc30"
cfg_perfmon_sut_fast="10.30.0.1"
cfg_perfmon_sut_user="root"
cfg_perfmon_client="i30pc48"
cfg_perfmon_client_fast="10.48.0.1"
cfg_perfmon_client_user="root"

#
# L4Ka::Linux Options
#
cfg_l4ka_linux=n
cfg_l4ka_linux_configs=""



#
# Derived symbols
#
cfg_busybox=y
cfg_l4ka=y
cfg_smp_supported=n
cfg_cml=y
cfg_xen_3_wedge=n
cfg_afterburner=y
cfg_xen_wedge=n
cfg_pistachio=y
cfg_dietlibc=y
cfg_uclibc=y
cfg_wedge=y
cfg_xen_2_wedge=n
cfg_boot=y
cfg_l4ka_resourcemon=y
#
# That's all, folks!
