#
# Automatically generated, don't edit
#
# Generated on: i30s5
# At: Tue, 03 Nov 2009 12:05:54 +0000
# Linux version 2.6.27.37-0.1-default (geeko@buildhost) (gcc version 4.3.2 [gcc-4_3-branch revision 141291] (SUSE Linux) ) #1 SMP 2009-10-15 14:56:58 +0200

#
# Virtualization Environment Configuration
#

#
# Directories
#
cfg_common_dir="."
cfg_build_dir="build"
cfg_src_dir="extern"
cfg_usr_dir="usr"
cfg_boot_dir="boot"
cfg_archive_dir="archives"


#
# Generic Options
#

#
# Architecture
#
cfg_arch_ia32=y
cfg_arch_amd64=n


#
# Processor
#
cfg_cpu_p4=y
cfg_cpu_p3=n
cfg_cpu_k8=n
cfg_cpu_qemu=n

cfg_apic=n
cfg_max_ioapics=8
cfg_vsmp=n
cfg_nr_vcpus=16
cfg_smp=n
cfg_nr_cpus=8


#
# L4Ka environment
#

#
# L4KA wedge type
#
cfg_l4ka_vm=n
cfg_l4ka_vmext=y
cfg_l4ka_hvm=n


#
# Resourcemon options
#
cfg_resourcemon_debug=y
cfg_resourcemon_perf=y

cfg_l4ka_wedge=y
cfg_wedge_l4ka_passthru=y
cfg_wedge_l4ka_passthru_perf=y
cfg_wedge_l4ka_passthru_pci=n
cfg_wedge_l4ka_guest=y
cfg_wedge_l4ka_guest_perf=y
cfg_wedge_l4ka_guest_vdev=n
cfg_wedge_l4ka_guest_vdev_perf=n
cfg_pistachio_custom=y
cfg_pistachio_custom_dir="/home/stoess/devel/pistachio-vm"

#
# Pistachio options
#
cfg_pistachio_debug=y
cfg_pistachio_perf=y
cfg_pistachio_small_debug=n
cfg_pistachio_small_perf=n

cfg_l4ka_driver_reuse=y

#
# L4Ka driver reuse client
#
cfg_l4ka_driver_reuse_client_guest=y
cfg_l4ka_driver_reuse_client_guest_perf=n
cfg_l4ka_driver_reuse_client_guest_vdev=n
cfg_l4ka_driver_reuse_client_guest_vdev_perf=n


#
# L4Ka driver reuse server
#
cfg_l4ka_driver_reuse_server_passthru=y
cfg_l4ka_driver_reuse_server_passthru_perf=n
cfg_l4ka_driver_reuse_server_passthru_pci=n

cfg_l4ka_driver_native=n
cfg_l4ka_driver_native_dbg=n
cfg_l4ka_driver_native_perf=n
cfg_earm=y
cfg_l4ka_qemu_dm=n


#
# Xen environment
#
cfg_xen_2=n

#
# Xen 2 version
#
cfg_xen_2_0_7=n
cfg_xen_2_0_2=n

cfg_wedge_kaxen_2_dom0=n
cfg_wedge_kaxen_2_dom0_perf=n
cfg_xenolinux_2=n
cfg_xenolinux_2_configs=""
cfg_xen_3=n

#
# Xen 3 version
#
cfg_xen_3_0_1=n
cfg_xen_3_0_2=n
cfg_xen_3_1_0=n

cfg_wedge_kaxen_3_dom0=n
cfg_wedge_kaxen_3_dom0_perf=n
cfg_wedge_kaxen_3_domU=n
cfg_xen_verbose=n


#
# Guest kernels
#
cfg_linux_2_6=y

#
# Linux 2.6 version
#
cfg_linux_2_6_22=n
cfg_linux_2_6_9=y

cfg_linux_2_6_driver=n
cfg_linux_2_6_guest=n
cfg_linux_2_6_vdev=y
cfg_linux_2_6_ddos=y
cfg_linux_2_6_extra=""


#
# Boot options
#
cfg_grub_dir="(nd)/tft"

#
# Boot console type
#
cfg_console_vga=n
cfg_console_serial=y

cfg_serial_port=0x3f8
cfg_serial_speed=57600
cfg_vmsize=65536
cfg_linux_cmdline=""
cfg_linux_ramdisk=y
cfg_linux_ramdisk_custom=y
cfg_linux_ramdisk_custom_dir="/home/stoess/boot/ramdisk/ramdisk128.gz"
cfg_linux_ramdisk_custom_size=131072


#
# External package options
#

#
# Antlr options
#
cfg_antlr=n
cfg_antlr_python=n
cfg_antlr_java=n
cfg_antlr_csharp=n
cfg_afterburner_grammar=y


#
# gcc options
#
cfg_gcc=n

#
# gcc version
#
cfg_gcc_3_4_4=n



#
# QEMU options
#
cfg_qemu=n
cfg_qemu_ssh_port=3022


#
# IDL options
#
cfg_idl4=n

cfg_gnutar=n


#
# Performance monitoring
#
cfg_perfmon_build=n
cfg_perfmon_sut="i30pc30"
cfg_perfmon_sut_fast="10.30.0.1"
cfg_perfmon_sut_user="root"
cfg_perfmon_client="i30pc48"
cfg_perfmon_client_fast="10.48.0.1"
cfg_perfmon_client_user="root"

#
# L4Ka::Linux Options
#
cfg_l4ka_linux=n
cfg_l4ka_linux_configs=""



#
# Derived symbols
#
cfg_busybox=n
cfg_l4ka=y
cfg_ddosutils=n
cfg_smp_supported=y
cfg_cml=y
cfg_xen_3_wedge=n
cfg_afterburner=y
cfg_xen_wedge=n
cfg_pistachio=y
cfg_dietlibc=y
cfg_uclibc=n
cfg_wedge=y
cfg_xen_2_wedge=n
cfg_boot=y
cfg_l4ka_resourcemon=y
#
# That's all, folks!
