#
# Automatically generated, don't edit
#
# Generated on: i30s6
# At: Tue, 13 Nov 2007 14:17:41 +0000
# Linux version 2.6.22.12-0.1-default (geeko@buildhost) (gcc version 4.2.1 (SUSE Linux)) #1 SMP 2007/11/06 23:05:18 UTC

#
# Pistachio Kernel Configuration System
#

#
# Hardware
#

#
# Basic Architecture
#
CONFIG_ARCH_X86=y
CONFIG_ARCH_POWERPC=n
CONFIG_ARCH_POWERPC64=n


#
# X86 Processor Architecture
#
CONFIG_SUBARCH_X32=y
CONFIG_SUBARCH_X64=n


#
# Processor Type
#
CONFIG_CPU_X86_I486=n
CONFIG_CPU_X86_I586=n
CONFIG_CPU_X86_I686=n
CONFIG_CPU_X86_P4=n
CONFIG_CPU_X86_K8=n
CONFIG_CPU_X86_C3=n
CONFIG_CPU_X86_SIMICS=n


#
# Platform
#
CONFIG_PLAT_PC99=y

CONFIG_SMP=n
#CONFIG_SMP_MAX_PROCS=1
#CONFIG_SMP_IDLE_POLL=n

#
# Miscellaneous
#
CONFIG_IOAPIC=n
#CONFIG_MAX_IOAPICS=1
#CONFIG_APIC_TIMER_TICK=1000



#
# Kernel
#
CONFIG_EXPERIMENTAL=y

#
# Experimental Features
#
CONFIG_X_PAGER_EXREGS=y
CONFIG_X_CTRLXFER_MSG=y

#
# Kernel scheduling policy
#
CONFIG_SCHED_RR=n
CONFIG_X_SCHED_PM=y


CONFIG_IPC_FASTPATH=n
CONFIG_DEBUG=y
CONFIG_DEBUG_SYMBOLS=y
CONFIG_PERFMON=y
CONFIG_SPIN_WHEELS=n
CONFIG_NEW_MDB=n
CONFIG_X86_SMALL_SPACES=n
CONFIG_X86_IO_FLEXPAGES=n


#
# Debugger
#
CONFIG_KDB=y

#
# Kernel Debugger Console
#
CONFIG_KDB_CONS_KBD=n
CONFIG_KDB_CONS_COM=n

CONFIG_KDB_COMPORT=0x3f8
CONFIG_KDB_COMSPEED=57600
CONFIG_KDB_DISAS=y
CONFIG_KDB_ON_STARTUP=n
CONFIG_KDB_BREAKIN=n
CONFIG_KDB_BREAKIN_BREAK=n
CONFIG_KDB_BREAKIN_ESCAPE=y
CONFIG_KDB_NO_ASSERTS=n

#
# Trace Settings
#
CONFIG_VERBOSE_INIT=n
CONFIG_TRACEPOINTS=n
CONFIG_KMEM_TRACE=n
CONFIG_TRACEBUFFER=n
CONFIG_TBUF_LIGHT=n
CONFIG_TBUF_PERFMON=n
CONFIG_TBUF_PERFMON_ENERGY=n
CONFIG_X86_KEEP_LAST_BRANCHES=n



#
# Code Generator Options
#


#
# Derived symbols
#
CONFIG_HAVE_MEMORY_CONTROL=n
CONFIG_X86_PSE=y
CONFIG_BIGENDIAN=n
CONFIG_X86_SYSENTER=y
CONFIG_X86_PGE=y
CONFIG_X86_FXSR=y
CONFIG_IS_32BIT=y
CONFIG_X86_HTT=n
CONFIG_X86_PAT=y
CONFIG_IS_64BIT=n
CONFIG_MULTI_ARCHITECTURE=n
CONFIG_X86_EM64T=n
CONFIG_X86_SMALL_SPACES_GLOBAL=n
CONFIG_X86_TSC=y
#
# That's all, folks!
