#
# Automatically generated, don't edit
#
# Generated on: i30s5
# At: Tue, 13 Nov 2007 13:03:48 +0000
# Linux version 2.6.22.12-0.1-default (geeko@buildhost) (gcc version 4.2.1 (SUSE Linux)) #1 SMP 2007/11/06 23:05:18 UTC

#
# Pistachio Kernel Configuration System
#

#
# Hardware
#

#
# Basic Architecture
#
CONFIG_ARCH_IA32=y
CONFIG_ARCH_POWERPC=n
CONFIG_ARCH_POWERPC64=n
CONFIG_ARCH_AMD64=n


#
# Processor Type
#
CONFIG_CPU_IA32_I486=n
CONFIG_CPU_IA32_I586=n
CONFIG_CPU_IA32_I686=y
CONFIG_CPU_IA32_P4=n
CONFIG_CPU_IA32_K8=n
CONFIG_CPU_IA32_C3=n


#
# Platform
#
CONFIG_PLAT_PC99=y

CONFIG_SMP=y
CONFIG_SMP_MAX_PROCS=4
CONFIG_SMP_IDLE_POLL=n

#
# Miscellaneous
#
CONFIG_IOAPIC=y
CONFIG_MAX_IOAPICS=8
CONFIG_APIC_TIMER_TICK=1000



#
# Kernel
#
CONFIG_IPC_FASTPATH=n
CONFIG_DEBUG=y
CONFIG_DEBUG_SYMBOLS=y
CONFIG_EXPERIMENTAL=y

#
# Experimental Features
#
CONFIG_X_PAGER_EXREGS=y
CONFIG_IO_FLEXPAGES=n

CONFIG_IA32_SMALL_SPACES=y
CONFIG_PERFMON=n
CONFIG_SPIN_WHEELS=y
CONFIG_NEW_MDB=n


#
# Debugger
#
CONFIG_KDB=y

#
# Kernel Debugger Console
#
CONFIG_KDB_CONS_KBD=n
CONFIG_KDB_CONS_COM=y

CONFIG_KDB_COMPORT=0x3f8
CONFIG_KDB_COMSPEED=57600
CONFIG_KDB_DISAS=y
CONFIG_KDB_ON_STARTUP=y
CONFIG_KDB_BREAKIN=y
CONFIG_KDB_BREAKIN_BREAK=y
CONFIG_KDB_BREAKIN_ESCAPE=y
CONFIG_KDB_NO_ASSERTS=n

#
# Trace Settings
#
CONFIG_VERBOSE_INIT=y
CONFIG_TRACEPOINTS=y
CONFIG_KMEM_TRACE=y
CONFIG_TRACEBUFFER=y
CONFIG_TBUF_LIGHT=n
CONFIG_TBUF_PERFMON=n
CONFIG_IA32_KEEP_LAST_BRANCHES=n



#
# Code Generator Options
#


#
# Derived symbols
#
CONFIG_AMD64_FXSR=n
CONFIG_IA32_FXSR=y
CONFIG_HAVE_MEMORY_CONTROL=n
CONFIG_BIGENDIAN=n
CONFIG_IA32_PGE=y
CONFIG_IS_64BIT=n
CONFIG_X86_PGE=y
CONFIG_X86_FXSR=y
CONFIG_IS_32BIT=y
CONFIG_X86_PAT=y
CONFIG_FLUSHFILTER=n
CONFIG_AMD64_TSC=n
CONFIG_MULTI_ARCHITECTURE=n
CONFIG_IA32_PAT=y
CONFIG_IA32_SMALL_SPACES_GLOBAL=y
CONFIG_IA32_PSE=y
CONFIG_IA32_TSC=y
CONFIG_AMD64_PAT=n
CONFIG_IA32_HTT=n
CONFIG_AMD64_PGE=n
CONFIG_CPU_K8=n
CONFIG_X86_TSC=y
CONFIG_CPU_AMD64_EM64T=n
CONFIG_IA32_SYSENTER=y
#
# That's all, folks!
