#
# Automatically generated, don't edit
#
# Generated on: i30s6
# At: Tue, 22 Jan 2008 10:00:51 +0000
# Linux version 2.6.22.13-0.3-default (geeko@buildhost) (gcc version 4.2.1 (SUSE Linux)) #1 SMP 2007/11/19 15:02:58 UTC

#
# Virtualization Environment Configuration
#

#
# Directories
#
cfg_common_dir="."
cfg_build_dir="build"
cfg_src_dir="extern"
cfg_usr_dir="usr"
cfg_boot_dir="boot"
cfg_archive_dir="archives"


#
# Generic Options
#

#
# Architecture
#
cfg_arch_ia32=y
cfg_arch_ia64=n
cfg_arch_amd64=n
cfg_arch_powerpc=n
cfg_arch_powerpc64=n
cfg_arch_arm=n


#
# Processor Types
#
cfg_cpu_p4=y
cfg_cpu_p3=n
cfg_cpu_qemu=n

cfg_apic=n


#
# L4Ka environment
#

#
# L4KA wedge type
#
cfg_l4ka_vm=n
cfg_l4ka_vmext=n
cfg_l4ka_vt=y

cfg_pistachio_custom=y
cfg_pistachio_custom_dir="/home/stoess/devel/pistachio-vm"
cfg_l4ka_wedge=y
cfg_wedge_l4ka_passthru=y
cfg_wedge_l4ka_passthru_perf=n
cfg_wedge_l4ka_guest=n
cfg_wedge_l4ka_guest_perf=n
cfg_wedge_l4ka_guest_vdev=n
cfg_wedge_l4ka_guest_vdev_perf=n
cfg_wedge_l4ka_passthru_pci=n

#
# Pistachio options
#
cfg_pistachio_debug=y
cfg_pistachio_perf=n
cfg_pistachio_small_debug=n
cfg_pistachio_small_perf=n

cfg_l4ka_driver_reuse=n
cfg_l4ka_driver_native=n


#
# Xen environment
#
cfg_xen_2=n

#
# Xen 2 version
#
cfg_xen_2_0_7=n
cfg_xen_2_0_2=n

cfg_wedge_kaxen_2_dom0=n
cfg_wedge_kaxen_2_dom0_perf=n
cfg_wedge_kaxen_2_dom0_vmi=n
cfg_xenolinux_2=n
cfg_xen_3=n
cfg_xen_verbose=n


#
# Guest kernels
#
cfg_linux_2_6=y

#
# Linux 2.6 version
#
cfg_linux_2_6_22=n
cfg_linux_2_6_16=n
cfg_linux_2_6_16_rc5=n
cfg_linux_2_6_12_6=n
cfg_linux_2_6_12_3=n
cfg_linux_2_6_9=y
cfg_linux_2_6_8_1=n

cfg_linux_2_6_driver=y
cfg_linux_2_6_qemu=n
cfg_linux_2_6_extra=""
cfg_linux_2_4=n
cfg_linux_vmi=n


#
# Boot options
#
cfg_grub_dir="(nd)/tftpboot/afterburn"

#
# Boot console type
#
cfg_console_vga=n
cfg_console_serial=y

cfg_serial_speed=57600
cfg_vmsize=65536
cfg_linux_cmdline=""


#
# External package options
#

#
# Antlr options
#
cfg_antlr=n
cfg_antlr_python=n
cfg_antlr_java=n
cfg_antlr_csharp=n
cfg_afterburner_grammar=y


#
# gcc options
#
cfg_gcc=n


#
# QEMU options
#
cfg_qemu=n
cfg_qemu_ssh_port=3022


#
# IDL options
#
cfg_idl4=n

cfg_gnutar=n


#
# Performance monitoring
#
cfg_uka=n


#
# Derived symbols
#
cfg_l4ka=y
cfg_smp_supported=n
cfg_cml=y
cfg_grub=y
cfg_xen_3_wedge=n
cfg_afterburner=y
cfg_xen_wedge=n
cfg_pistachio=y
cfg_dietlibc=y
cfg_wedge=y
cfg_xen_2_wedge=n
cfg_marzipan=n
cfg_l4ka_resourcemon=y
#
# That's all, folks!
